2017-03-17 20:29:11.057  INFO 10212 --- [main] cn.ApplicationStartMain                  : Starting ApplicationStartMain on DESKTOP-M82L15A with PID 10212 (C:\Users\macAdministrator\Desktop\RSEMServer\target\classes started by macAdministrator in C:\Users\macAdministrator\Desktop\RSEMServer)
2017-03-17 20:29:11.073  INFO 10212 --- [main] cn.ApplicationStartMain                  : No active profile set, falling back to default profiles: default
2017-03-17 20:29:11.244  INFO 10212 --- [main] ationConfigEmbeddedWebApplicationContext : Refreshing org.springframework.boot.context.embedded.AnnotationConfigEmbeddedWebApplicationContext@4e928fbf: startup date [Fri Mar 17 20:29:11 CST 2017]; root of context hierarchy
2017-03-17 20:29:12.916  INFO 10212 --- [main] trationDelegate$BeanPostProcessorChecker : Bean 'org.springframework.transaction.annotation.ProxyTransactionManagementConfiguration' of type [org.springframework.transaction.annotation.ProxyTransactionManagementConfiguration$$EnhancerBySpringCGLIB$$47734d0f] is not eligible for getting processed by all BeanPostProcessors (for example: not eligible for auto-proxying)
2017-03-17 20:29:13.416  INFO 10212 --- [main] s.b.c.e.t.TomcatEmbeddedServletContainer : Tomcat initialized with port(s): 8081 (http)
2017-03-17 20:29:13.432  INFO 10212 --- [main] o.apache.catalina.core.StandardService   : Starting service Tomcat
2017-03-17 20:29:13.432  INFO 10212 --- [main] org.apache.catalina.core.StandardEngine  : Starting Servlet Engine: Apache Tomcat/8.5.11
2017-03-17 20:29:13.588  INFO 10212 --- [localhost-startStop-1] o.a.c.c.C.[.[localhost].[/RSEMSServer]   : Initializing Spring embedded WebApplicationContext
2017-03-17 20:29:13.588  INFO 10212 --- [localhost-startStop-1] o.s.web.context.ContextLoader            : Root WebApplicationContext: initialization completed in 2359 ms
2017-03-17 20:29:13.604  INFO 10212 --- [localhost-startStop-1] c.rails.rsems.config.DruidConfiguration  : init Druid Servlet Configuration 
2017-03-17 20:29:13.854  INFO 10212 --- [localhost-startStop-1] o.s.b.w.servlet.ServletRegistrationBean  : Mapping servlet: 'statViewServlet' to [/druid/*]
2017-03-17 20:29:13.854  INFO 10212 --- [localhost-startStop-1] o.s.b.w.servlet.ServletRegistrationBean  : Mapping servlet: 'dispatcherServlet' to [/]
2017-03-17 20:29:13.854  INFO 10212 --- [localhost-startStop-1] o.s.b.w.servlet.FilterRegistrationBean   : Mapping filter: 'characterEncodingFilter' to: [/*]
2017-03-17 20:29:13.854  INFO 10212 --- [localhost-startStop-1] o.s.b.w.servlet.FilterRegistrationBean   : Mapping filter: 'hiddenHttpMethodFilter' to: [/*]
2017-03-17 20:29:13.854  INFO 10212 --- [localhost-startStop-1] o.s.b.w.servlet.FilterRegistrationBean   : Mapping filter: 'httpPutFormContentFilter' to: [/*]
2017-03-17 20:29:13.854  INFO 10212 --- [localhost-startStop-1] o.s.b.w.servlet.FilterRegistrationBean   : Mapping filter: 'requestContextFilter' to: [/*]
2017-03-17 20:29:13.854  INFO 10212 --- [localhost-startStop-1] o.s.b.w.servlet.FilterRegistrationBean   : Mapping filter: 'webStatFilter' to urls: [/*]
2017-03-17 20:29:14.541  INFO 10212 --- [main] com.alibaba.druid.pool.DruidDataSource   : {dataSource-1} inited
2017-03-17 20:29:16.041  INFO 10212 --- [main] s.w.s.m.m.a.RequestMappingHandlerAdapter : Looking for @ControllerAdvice: org.springframework.boot.context.embedded.AnnotationConfigEmbeddedWebApplicationContext@4e928fbf: startup date [Fri Mar 17 20:29:11 CST 2017]; root of context hierarchy
2017-03-17 20:29:16.119  INFO 10212 --- [main] s.w.s.m.m.a.RequestMappingHandlerMapping : Mapped "{[/inspectContent/update]}" onto public java.lang.Object cn.rails.rsems.controller.inspection.InspectContentController.update(cn.rails.rsems.model.inspection.InspectContent)
2017-03-17 20:29:16.135  INFO 10212 --- [main] s.w.s.m.m.a.RequestMappingHandlerMapping : Mapped "{[/inspectContent/delete]}" onto public java.lang.Object cn.rails.rsems.controller.inspection.InspectContentController.delete(java.lang.String)
2017-03-17 20:29:16.135  INFO 10212 --- [main] s.w.s.m.m.a.RequestMappingHandlerMapping : Mapped "{[/inspectContent/insert]}" onto public java.lang.Object cn.rails.rsems.controller.inspection.InspectContentController.insert(cn.rails.rsems.model.inspection.InspectContent)
2017-03-17 20:29:16.135  INFO 10212 --- [main] s.w.s.m.m.a.RequestMappingHandlerMapping : Mapped "{[/inspectContent/listByPage]}" onto public java.lang.Object cn.rails.rsems.controller.inspection.InspectContentController.listByPage(java.lang.Integer,java.lang.Integer)
2017-03-17 20:29:16.135  INFO 10212 --- [main] s.w.s.m.m.a.RequestMappingHandlerMapping : Mapped "{[/inspectContent/selectById]}" onto public java.lang.Object cn.rails.rsems.controller.inspection.InspectContentController.selectById(java.lang.String)
2017-03-17 20:29:16.135  INFO 10212 --- [main] s.w.s.m.m.a.RequestMappingHandlerMapping : Mapped "{[/inspectPlan/update]}" onto public java.lang.Object cn.rails.rsems.controller.inspection.InspectPlanController.update(cn.rails.rsems.model.inspection.InspectPlan)
2017-03-17 20:29:16.135  INFO 10212 --- [main] s.w.s.m.m.a.RequestMappingHandlerMapping : Mapped "{[/inspectPlan/delete]}" onto public java.lang.Object cn.rails.rsems.controller.inspection.InspectPlanController.delete(java.lang.String)
2017-03-17 20:29:16.135  INFO 10212 --- [main] s.w.s.m.m.a.RequestMappingHandlerMapping : Mapped "{[/inspectPlan/insert]}" onto public java.lang.Object cn.rails.rsems.controller.inspection.InspectPlanController.insert(cn.rails.rsems.model.inspection.InspectPlan)
2017-03-17 20:29:16.135  INFO 10212 --- [main] s.w.s.m.m.a.RequestMappingHandlerMapping : Mapped "{[/inspectPlan/listByPage]}" onto public java.lang.Object cn.rails.rsems.controller.inspection.InspectPlanController.listByPage(java.lang.Integer,java.lang.Integer)
2017-03-17 20:29:16.135  INFO 10212 --- [main] s.w.s.m.m.a.RequestMappingHandlerMapping : Mapped "{[/inspectPlan/selectById]}" onto public java.lang.Object cn.rails.rsems.controller.inspection.InspectPlanController.selectById(java.lang.String)
2017-03-17 20:29:16.135  INFO 10212 --- [main] s.w.s.m.m.a.RequestMappingHandlerMapping : Mapped "{[/test]}" onto public cn.rails.rsems.common.vo.JsonResult cn.rails.rsems.controller.RestController.test(java.lang.Integer,java.lang.Integer)
2017-03-17 20:29:16.135  INFO 10212 --- [main] s.w.s.m.m.a.RequestMappingHandlerMapping : Mapped "{[/companytype/insert]}" onto public cn.rails.rsems.common.vo.JsonResult cn.rails.rsems.controller.system.CompanyTypeController.insert() throws java.io.UnsupportedEncodingException
2017-03-17 20:29:16.135  INFO 10212 --- [main] s.w.s.m.m.a.RequestMappingHandlerMapping : Mapped "{[/companytype/updateById]}" onto public cn.rails.rsems.common.vo.JsonResult cn.rails.rsems.controller.system.CompanyTypeController.updateById() throws java.io.UnsupportedEncodingException
2017-03-17 20:29:16.135  INFO 10212 --- [main] s.w.s.m.m.a.RequestMappingHandlerMapping : Mapped "{[/companytype/selectAll]}" onto public cn.rails.rsems.common.vo.JsonResult cn.rails.rsems.controller.system.CompanyTypeController.selectAll()
2017-03-17 20:29:16.135  INFO 10212 --- [main] s.w.s.m.m.a.RequestMappingHandlerMapping : Mapped "{[/companytype/deleteById]}" onto public cn.rails.rsems.common.vo.JsonResult cn.rails.rsems.controller.system.CompanyTypeController.deleteById() throws java.io.UnsupportedEncodingException
2017-03-17 20:29:16.135  INFO 10212 --- [main] s.w.s.m.m.a.RequestMappingHandlerMapping : Mapped "{[/error]}" onto public org.springframework.http.ResponseEntity<java.util.Map<java.lang.String, java.lang.Object>> org.springframework.boot.autoconfigure.web.BasicErrorController.error(javax.servlet.http.HttpServletRequest)
2017-03-17 20:29:16.151  INFO 10212 --- [main] s.w.s.m.m.a.RequestMappingHandlerMapping : Mapped "{[/error],produces=[text/html]}" onto public org.springframework.web.servlet.ModelAndView org.springframework.boot.autoconfigure.web.BasicErrorController.errorHtml(javax.servlet.http.HttpServletRequest,javax.servlet.http.HttpServletResponse)
2017-03-17 20:29:16.166  INFO 10212 --- [main] o.s.w.s.handler.SimpleUrlHandlerMapping  : Mapped URL path [/webjars/**] onto handler of type [class org.springframework.web.servlet.resource.ResourceHttpRequestHandler]
2017-03-17 20:29:16.182  INFO 10212 --- [main] o.s.w.s.handler.SimpleUrlHandlerMapping  : Mapped URL path [/**] onto handler of type [class org.springframework.web.servlet.resource.ResourceHttpRequestHandler]
2017-03-17 20:29:16.229  INFO 10212 --- [main] o.s.w.s.handler.SimpleUrlHandlerMapping  : Mapped URL path [/**/favicon.ico] onto handler of type [class org.springframework.web.servlet.resource.ResourceHttpRequestHandler]
2017-03-17 20:29:16.713  INFO 10212 --- [main] o.s.j.e.a.AnnotationMBeanExporter        : Registering beans for JMX exposure on startup
2017-03-17 20:29:16.713  INFO 10212 --- [main] o.s.j.e.a.AnnotationMBeanExporter        : Bean with name 'dataSource' has been autodetected for JMX exposure
2017-03-17 20:29:16.729  INFO 10212 --- [main] o.s.j.e.a.AnnotationMBeanExporter        : Located MBean 'dataSource': registering with JMX server as MBean [com.alibaba.druid.pool:name=dataSource,type=DruidDataSource]
2017-03-17 20:29:16.791  INFO 10212 --- [main] s.b.c.e.t.TomcatEmbeddedServletContainer : Tomcat started on port(s): 8081 (http)
2017-03-17 20:29:16.807  INFO 10212 --- [main] cn.ApplicationStartMain                  : Started ApplicationStartMain in 6.453 seconds (JVM running for 7.206)
2017-03-17 20:29:53.658  INFO 10212 --- [http-nio-8081-exec-1] o.a.c.c.C.[.[localhost].[/RSEMSServer]   : Initializing Spring FrameworkServlet 'dispatcherServlet'
2017-03-17 20:29:53.659  INFO 10212 --- [http-nio-8081-exec-1] o.s.web.servlet.DispatcherServlet        : FrameworkServlet 'dispatcherServlet': initialization started
2017-03-17 20:29:53.694  INFO 10212 --- [http-nio-8081-exec-1] o.s.web.servlet.DispatcherServlet        : FrameworkServlet 'dispatcherServlet': initialization completed in 35 ms
2017-03-17 20:29:53.760  INFO 10212 --- [http-nio-8081-exec-1] c.rails.rsems.controller.RestController  : 查询初始化--------------------
2017-03-17 20:32:20.417  INFO 5184 --- [main] cn.ApplicationStartMain                  : Starting ApplicationStartMain on DESKTOP-M82L15A with PID 5184 (C:\Users\macAdministrator\Desktop\RSEMServer\target\classes started by macAdministrator in C:\Users\macAdministrator\Desktop\RSEMServer)
2017-03-17 20:32:20.417  INFO 5184 --- [main] cn.ApplicationStartMain                  : No active profile set, falling back to default profiles: default
2017-03-17 20:32:20.573  INFO 5184 --- [main] ationConfigEmbeddedWebApplicationContext : Refreshing org.springframework.boot.context.embedded.AnnotationConfigEmbeddedWebApplicationContext@748741cb: startup date [Fri Mar 17 20:32:20 CST 2017]; root of context hierarchy
2017-03-17 20:32:22.260  INFO 5184 --- [main] trationDelegate$BeanPostProcessorChecker : Bean 'org.springframework.transaction.annotation.ProxyTransactionManagementConfiguration' of type [org.springframework.transaction.annotation.ProxyTransactionManagementConfiguration$$EnhancerBySpringCGLIB$$1baa84dd] is not eligible for getting processed by all BeanPostProcessors (for example: not eligible for auto-proxying)
2017-03-17 20:32:22.760  INFO 5184 --- [main] s.b.c.e.t.TomcatEmbeddedServletContainer : Tomcat initialized with port(s): 8081 (http)
2017-03-17 20:32:22.776  INFO 5184 --- [main] o.apache.catalina.core.StandardService   : Starting service Tomcat
2017-03-17 20:32:22.776  INFO 5184 --- [main] org.apache.catalina.core.StandardEngine  : Starting Servlet Engine: Apache Tomcat/8.5.11
2017-03-17 20:32:22.901  INFO 5184 --- [localhost-startStop-1] o.a.c.c.C.[.[localhost].[/RSEMSServer]   : Initializing Spring embedded WebApplicationContext
2017-03-17 20:32:22.901  INFO 5184 --- [localhost-startStop-1] o.s.web.context.ContextLoader            : Root WebApplicationContext: initialization completed in 2328 ms
2017-03-17 20:32:22.932  INFO 5184 --- [localhost-startStop-1] c.rails.rsems.config.DruidConfiguration  : init Druid Servlet Configuration 
2017-03-17 20:32:23.245  INFO 5184 --- [localhost-startStop-1] o.s.b.w.servlet.ServletRegistrationBean  : Mapping servlet: 'statViewServlet' to [/druid/*]
2017-03-17 20:32:23.260  INFO 5184 --- [localhost-startStop-1] o.s.b.w.servlet.ServletRegistrationBean  : Mapping servlet: 'dispatcherServlet' to [/]
2017-03-17 20:32:23.260  INFO 5184 --- [localhost-startStop-1] o.s.b.w.servlet.FilterRegistrationBean   : Mapping filter: 'characterEncodingFilter' to: [/*]
2017-03-17 20:32:23.260  INFO 5184 --- [localhost-startStop-1] o.s.b.w.servlet.FilterRegistrationBean   : Mapping filter: 'hiddenHttpMethodFilter' to: [/*]
2017-03-17 20:32:23.260  INFO 5184 --- [localhost-startStop-1] o.s.b.w.servlet.FilterRegistrationBean   : Mapping filter: 'httpPutFormContentFilter' to: [/*]
2017-03-17 20:32:23.260  INFO 5184 --- [localhost-startStop-1] o.s.b.w.servlet.FilterRegistrationBean   : Mapping filter: 'requestContextFilter' to: [/*]
2017-03-17 20:32:23.260  INFO 5184 --- [localhost-startStop-1] o.s.b.w.servlet.FilterRegistrationBean   : Mapping filter: 'webStatFilter' to urls: [/*]
2017-03-17 20:32:23.932  INFO 5184 --- [main] com.alibaba.druid.pool.DruidDataSource   : {dataSource-1} inited
2017-03-17 20:32:25.401  INFO 5184 --- [main] s.w.s.m.m.a.RequestMappingHandlerAdapter : Looking for @ControllerAdvice: org.springframework.boot.context.embedded.AnnotationConfigEmbeddedWebApplicationContext@748741cb: startup date [Fri Mar 17 20:32:20 CST 2017]; root of context hierarchy
2017-03-17 20:32:25.541  INFO 5184 --- [main] s.w.s.m.m.a.RequestMappingHandlerMapping : Mapped "{[/inspectContent/update]}" onto public java.lang.Object cn.rails.rsems.controller.inspection.InspectContentController.update(cn.rails.rsems.model.inspection.InspectContent)
2017-03-17 20:32:25.541  INFO 5184 --- [main] s.w.s.m.m.a.RequestMappingHandlerMapping : Mapped "{[/inspectContent/delete]}" onto public java.lang.Object cn.rails.rsems.controller.inspection.InspectContentController.delete(java.lang.String)
2017-03-17 20:32:25.541  INFO 5184 --- [main] s.w.s.m.m.a.RequestMappingHandlerMapping : Mapped "{[/inspectContent/insert]}" onto public java.lang.Object cn.rails.rsems.controller.inspection.InspectContentController.insert(cn.rails.rsems.model.inspection.InspectContent)
2017-03-17 20:32:25.541  INFO 5184 --- [main] s.w.s.m.m.a.RequestMappingHandlerMapping : Mapped "{[/inspectContent/selectById]}" onto public java.lang.Object cn.rails.rsems.controller.inspection.InspectContentController.selectById(java.lang.String)
2017-03-17 20:32:25.541  INFO 5184 --- [main] s.w.s.m.m.a.RequestMappingHandlerMapping : Mapped "{[/inspectContent/listByPage]}" onto public java.lang.Object cn.rails.rsems.controller.inspection.InspectContentController.listByPage(java.lang.Integer,java.lang.Integer)
2017-03-17 20:32:25.557  INFO 5184 --- [main] s.w.s.m.m.a.RequestMappingHandlerMapping : Mapped "{[/inspectPlan/update]}" onto public java.lang.Object cn.rails.rsems.controller.inspection.InspectPlanController.update(cn.rails.rsems.model.inspection.InspectPlan)
2017-03-17 20:32:25.557  INFO 5184 --- [main] s.w.s.m.m.a.RequestMappingHandlerMapping : Mapped "{[/inspectPlan/delete]}" onto public java.lang.Object cn.rails.rsems.controller.inspection.InspectPlanController.delete(java.lang.String)
2017-03-17 20:32:25.557  INFO 5184 --- [main] s.w.s.m.m.a.RequestMappingHandlerMapping : Mapped "{[/inspectPlan/insert]}" onto public java.lang.Object cn.rails.rsems.controller.inspection.InspectPlanController.insert(cn.rails.rsems.model.inspection.InspectPlan)
2017-03-17 20:32:25.557  INFO 5184 --- [main] s.w.s.m.m.a.RequestMappingHandlerMapping : Mapped "{[/inspectPlan/selectById]}" onto public java.lang.Object cn.rails.rsems.controller.inspection.InspectPlanController.selectById(java.lang.String)
2017-03-17 20:32:25.557  INFO 5184 --- [main] s.w.s.m.m.a.RequestMappingHandlerMapping : Mapped "{[/inspectPlan/listByPage]}" onto public java.lang.Object cn.rails.rsems.controller.inspection.InspectPlanController.listByPage(java.lang.Integer,java.lang.Integer)
2017-03-17 20:32:25.557  INFO 5184 --- [main] s.w.s.m.m.a.RequestMappingHandlerMapping : Mapped "{[/test]}" onto public cn.rails.rsems.common.vo.JsonResult cn.rails.rsems.controller.RestController.test(java.lang.Integer,java.lang.Integer)
2017-03-17 20:32:25.557  INFO 5184 --- [main] s.w.s.m.m.a.RequestMappingHandlerMapping : Mapped "{[/companytype/insert]}" onto public cn.rails.rsems.common.vo.JsonResult cn.rails.rsems.controller.system.CompanyTypeController.insert() throws java.io.UnsupportedEncodingException
2017-03-17 20:32:25.557  INFO 5184 --- [main] s.w.s.m.m.a.RequestMappingHandlerMapping : Mapped "{[/companytype/deleteById]}" onto public cn.rails.rsems.common.vo.JsonResult cn.rails.rsems.controller.system.CompanyTypeController.deleteById() throws java.io.UnsupportedEncodingException
2017-03-17 20:32:25.557  INFO 5184 --- [main] s.w.s.m.m.a.RequestMappingHandlerMapping : Mapped "{[/companytype/updateById]}" onto public cn.rails.rsems.common.vo.JsonResult cn.rails.rsems.controller.system.CompanyTypeController.updateById() throws java.io.UnsupportedEncodingException
2017-03-17 20:32:25.557  INFO 5184 --- [main] s.w.s.m.m.a.RequestMappingHandlerMapping : Mapped "{[/companytype/selectAll]}" onto public cn.rails.rsems.common.vo.JsonResult cn.rails.rsems.controller.system.CompanyTypeController.selectAll()
2017-03-17 20:32:25.573  INFO 5184 --- [main] s.w.s.m.m.a.RequestMappingHandlerMapping : Mapped "{[/error]}" onto public org.springframework.http.ResponseEntity<java.util.Map<java.lang.String, java.lang.Object>> org.springframework.boot.autoconfigure.web.BasicErrorController.error(javax.servlet.http.HttpServletRequest)
2017-03-17 20:32:25.573  INFO 5184 --- [main] s.w.s.m.m.a.RequestMappingHandlerMapping : Mapped "{[/error],produces=[text/html]}" onto public org.springframework.web.servlet.ModelAndView org.springframework.boot.autoconfigure.web.BasicErrorController.errorHtml(javax.servlet.http.HttpServletRequest,javax.servlet.http.HttpServletResponse)
2017-03-17 20:32:25.620  INFO 5184 --- [main] o.s.w.s.handler.SimpleUrlHandlerMapping  : Mapped URL path [/webjars/**] onto handler of type [class org.springframework.web.servlet.resource.ResourceHttpRequestHandler]
2017-03-17 20:32:25.620  INFO 5184 --- [main] o.s.w.s.handler.SimpleUrlHandlerMapping  : Mapped URL path [/**] onto handler of type [class org.springframework.web.servlet.resource.ResourceHttpRequestHandler]
2017-03-17 20:32:25.729  INFO 5184 --- [main] o.s.w.s.handler.SimpleUrlHandlerMapping  : Mapped URL path [/**/favicon.ico] onto handler of type [class org.springframework.web.servlet.resource.ResourceHttpRequestHandler]
2017-03-17 20:32:26.354  INFO 5184 --- [main] o.s.j.e.a.AnnotationMBeanExporter        : Registering beans for JMX exposure on startup
2017-03-17 20:32:26.354  INFO 5184 --- [main] o.s.j.e.a.AnnotationMBeanExporter        : Bean with name 'dataSource' has been autodetected for JMX exposure
2017-03-17 20:32:26.354  INFO 5184 --- [main] o.s.j.e.a.AnnotationMBeanExporter        : Located MBean 'dataSource': registering with JMX server as MBean [com.alibaba.druid.pool:name=dataSource,type=DruidDataSource]
2017-03-17 20:32:26.495  INFO 5184 --- [main] s.b.c.e.t.TomcatEmbeddedServletContainer : Tomcat started on port(s): 8081 (http)
2017-03-17 20:32:26.495  INFO 5184 --- [main] cn.ApplicationStartMain                  : Started ApplicationStartMain in 6.938 seconds (JVM running for 7.989)
2017-03-17 20:34:51.118  INFO 9784 --- [main] cn.ApplicationStartMain                  : Starting ApplicationStartMain on DESKTOP-M82L15A with PID 9784 (C:\Users\macAdministrator\Desktop\RSEMServer\target\classes started by macAdministrator in C:\Users\macAdministrator\Desktop\RSEMServer)
2017-03-17 20:34:51.134  INFO 9784 --- [main] cn.ApplicationStartMain                  : No active profile set, falling back to default profiles: default
2017-03-17 20:34:51.384  INFO 9784 --- [main] ationConfigEmbeddedWebApplicationContext : Refreshing org.springframework.boot.context.embedded.AnnotationConfigEmbeddedWebApplicationContext@748741cb: startup date [Fri Mar 17 20:34:51 CST 2017]; root of context hierarchy
2017-03-17 20:34:53.712  INFO 9784 --- [main] trationDelegate$BeanPostProcessorChecker : Bean 'org.springframework.transaction.annotation.ProxyTransactionManagementConfiguration' of type [org.springframework.transaction.annotation.ProxyTransactionManagementConfiguration$$EnhancerBySpringCGLIB$$1f7adbdb] is not eligible for getting processed by all BeanPostProcessors (for example: not eligible for auto-proxying)
2017-03-17 20:34:54.368  INFO 9784 --- [main] s.b.c.e.t.TomcatEmbeddedServletContainer : Tomcat initialized with port(s): 8081 (http)
2017-03-17 20:34:54.383  INFO 9784 --- [main] o.apache.catalina.core.StandardService   : Starting service Tomcat
2017-03-17 20:34:54.383  INFO 9784 --- [main] org.apache.catalina.core.StandardEngine  : Starting Servlet Engine: Apache Tomcat/8.5.11
2017-03-17 20:34:54.540  INFO 9784 --- [localhost-startStop-1] o.a.c.c.C.[.[localhost].[/RSEMSServer]   : Initializing Spring embedded WebApplicationContext
2017-03-17 20:34:54.540  INFO 9784 --- [localhost-startStop-1] o.s.web.context.ContextLoader            : Root WebApplicationContext: initialization completed in 3172 ms
2017-03-17 20:34:54.556  INFO 9784 --- [localhost-startStop-1] c.rails.rsems.config.DruidConfiguration  : init Druid Servlet Configuration 
2017-03-17 20:34:54.883  INFO 9784 --- [localhost-startStop-1] o.s.b.w.servlet.ServletRegistrationBean  : Mapping servlet: 'statViewServlet' to [/druid/*]
2017-03-17 20:34:54.883  INFO 9784 --- [localhost-startStop-1] o.s.b.w.servlet.ServletRegistrationBean  : Mapping servlet: 'dispatcherServlet' to [/]
2017-03-17 20:34:54.899  INFO 9784 --- [localhost-startStop-1] o.s.b.w.servlet.FilterRegistrationBean   : Mapping filter: 'characterEncodingFilter' to: [/*]
2017-03-17 20:34:54.899  INFO 9784 --- [localhost-startStop-1] o.s.b.w.servlet.FilterRegistrationBean   : Mapping filter: 'hiddenHttpMethodFilter' to: [/*]
2017-03-17 20:34:54.899  INFO 9784 --- [localhost-startStop-1] o.s.b.w.servlet.FilterRegistrationBean   : Mapping filter: 'httpPutFormContentFilter' to: [/*]
2017-03-17 20:34:54.899  INFO 9784 --- [localhost-startStop-1] o.s.b.w.servlet.FilterRegistrationBean   : Mapping filter: 'requestContextFilter' to: [/*]
2017-03-17 20:34:54.899  INFO 9784 --- [localhost-startStop-1] o.s.b.w.servlet.FilterRegistrationBean   : Mapping filter: 'webStatFilter' to urls: [/*]
2017-03-17 20:34:55.540  INFO 9784 --- [main] com.alibaba.druid.pool.DruidDataSource   : {dataSource-1} inited
2017-03-17 20:34:57.196  INFO 9784 --- [main] s.w.s.m.m.a.RequestMappingHandlerAdapter : Looking for @ControllerAdvice: org.springframework.boot.context.embedded.AnnotationConfigEmbeddedWebApplicationContext@748741cb: startup date [Fri Mar 17 20:34:51 CST 2017]; root of context hierarchy
2017-03-17 20:34:57.321  INFO 9784 --- [main] s.w.s.m.m.a.RequestMappingHandlerMapping : Mapped "{[/inspectContent/update]}" onto public java.lang.Object cn.rails.rsems.controller.inspection.InspectContentController.update(cn.rails.rsems.model.inspection.InspectContent)
2017-03-17 20:34:57.321  INFO 9784 --- [main] s.w.s.m.m.a.RequestMappingHandlerMapping : Mapped "{[/inspectContent/delete]}" onto public java.lang.Object cn.rails.rsems.controller.inspection.InspectContentController.delete(java.lang.String)
2017-03-17 20:34:57.321  INFO 9784 --- [main] s.w.s.m.m.a.RequestMappingHandlerMapping : Mapped "{[/inspectContent/insert]}" onto public java.lang.Object cn.rails.rsems.controller.inspection.InspectContentController.insert(cn.rails.rsems.model.inspection.InspectContent)
2017-03-17 20:34:57.336  INFO 9784 --- [main] s.w.s.m.m.a.RequestMappingHandlerMapping : Mapped "{[/inspectContent/selectById]}" onto public java.lang.Object cn.rails.rsems.controller.inspection.InspectContentController.selectById(java.lang.String)
2017-03-17 20:34:57.336  INFO 9784 --- [main] s.w.s.m.m.a.RequestMappingHandlerMapping : Mapped "{[/inspectContent/listByPage]}" onto public java.lang.Object cn.rails.rsems.controller.inspection.InspectContentController.listByPage(java.lang.Integer,java.lang.Integer)
2017-03-17 20:34:57.336  INFO 9784 --- [main] s.w.s.m.m.a.RequestMappingHandlerMapping : Mapped "{[/inspectPlan/update]}" onto public java.lang.Object cn.rails.rsems.controller.inspection.InspectPlanController.update(cn.rails.rsems.model.inspection.InspectPlan)
2017-03-17 20:34:57.336  INFO 9784 --- [main] s.w.s.m.m.a.RequestMappingHandlerMapping : Mapped "{[/inspectPlan/delete]}" onto public java.lang.Object cn.rails.rsems.controller.inspection.InspectPlanController.delete(java.lang.String)
2017-03-17 20:34:57.336  INFO 9784 --- [main] s.w.s.m.m.a.RequestMappingHandlerMapping : Mapped "{[/inspectPlan/insert]}" onto public java.lang.Object cn.rails.rsems.controller.inspection.InspectPlanController.insert(cn.rails.rsems.model.inspection.InspectPlan)
2017-03-17 20:34:57.336  INFO 9784 --- [main] s.w.s.m.m.a.RequestMappingHandlerMapping : Mapped "{[/inspectPlan/selectById]}" onto public java.lang.Object cn.rails.rsems.controller.inspection.InspectPlanController.selectById(java.lang.String)
2017-03-17 20:34:57.336  INFO 9784 --- [main] s.w.s.m.m.a.RequestMappingHandlerMapping : Mapped "{[/inspectPlan/listByPage]}" onto public java.lang.Object cn.rails.rsems.controller.inspection.InspectPlanController.listByPage(java.lang.Integer,java.lang.Integer)
2017-03-17 20:34:57.336  INFO 9784 --- [main] s.w.s.m.m.a.RequestMappingHandlerMapping : Mapped "{[/test]}" onto public cn.rails.rsems.common.vo.JsonResult cn.rails.rsems.controller.RestController.test(java.lang.Integer,java.lang.Integer)
2017-03-17 20:34:57.336  INFO 9784 --- [main] s.w.s.m.m.a.RequestMappingHandlerMapping : Mapped "{[/companytype/insert]}" onto public cn.rails.rsems.common.vo.JsonResult cn.rails.rsems.controller.system.CompanyTypeController.insert() throws java.io.UnsupportedEncodingException
2017-03-17 20:34:57.336  INFO 9784 --- [main] s.w.s.m.m.a.RequestMappingHandlerMapping : Mapped "{[/companytype/selectAll]}" onto public cn.rails.rsems.common.vo.JsonResult cn.rails.rsems.controller.system.CompanyTypeController.selectAll()
2017-03-17 20:34:57.336  INFO 9784 --- [main] s.w.s.m.m.a.RequestMappingHandlerMapping : Mapped "{[/companytype/deleteById]}" onto public cn.rails.rsems.common.vo.JsonResult cn.rails.rsems.controller.system.CompanyTypeController.deleteById() throws java.io.UnsupportedEncodingException
2017-03-17 20:34:57.336  INFO 9784 --- [main] s.w.s.m.m.a.RequestMappingHandlerMapping : Mapped "{[/companytype/updateById]}" onto public cn.rails.rsems.common.vo.JsonResult cn.rails.rsems.controller.system.CompanyTypeController.updateById() throws java.io.UnsupportedEncodingException
2017-03-17 20:34:57.352  INFO 9784 --- [main] s.w.s.m.m.a.RequestMappingHandlerMapping : Mapped "{[/error]}" onto public org.springframework.http.ResponseEntity<java.util.Map<java.lang.String, java.lang.Object>> org.springframework.boot.autoconfigure.web.BasicErrorController.error(javax.servlet.http.HttpServletRequest)
2017-03-17 20:34:57.352  INFO 9784 --- [main] s.w.s.m.m.a.RequestMappingHandlerMapping : Mapped "{[/error],produces=[text/html]}" onto public org.springframework.web.servlet.ModelAndView org.springframework.boot.autoconfigure.web.BasicErrorController.errorHtml(javax.servlet.http.HttpServletRequest,javax.servlet.http.HttpServletResponse)
2017-03-17 20:34:57.399  INFO 9784 --- [main] o.s.w.s.handler.SimpleUrlHandlerMapping  : Mapped URL path [/webjars/**] onto handler of type [class org.springframework.web.servlet.resource.ResourceHttpRequestHandler]
2017-03-17 20:34:57.399  INFO 9784 --- [main] o.s.w.s.handler.SimpleUrlHandlerMapping  : Mapped URL path [/**] onto handler of type [class org.springframework.web.servlet.resource.ResourceHttpRequestHandler]
2017-03-17 20:34:57.493  INFO 9784 --- [main] o.s.w.s.handler.SimpleUrlHandlerMapping  : Mapped URL path [/**/favicon.ico] onto handler of type [class org.springframework.web.servlet.resource.ResourceHttpRequestHandler]
2017-03-17 20:34:58.164  INFO 9784 --- [main] o.s.j.e.a.AnnotationMBeanExporter        : Registering beans for JMX exposure on startup
2017-03-17 20:34:58.180  INFO 9784 --- [main] o.s.j.e.a.AnnotationMBeanExporter        : Bean with name 'dataSource' has been autodetected for JMX exposure
2017-03-17 20:34:58.180  INFO 9784 --- [main] o.s.j.e.a.AnnotationMBeanExporter        : Located MBean 'dataSource': registering with JMX server as MBean [com.alibaba.druid.pool:name=dataSource,type=DruidDataSource]
2017-03-17 20:34:58.289  INFO 9784 --- [main] s.b.c.e.t.TomcatEmbeddedServletContainer : Tomcat started on port(s): 8081 (http)
2017-03-17 20:34:58.289  INFO 9784 --- [main] cn.ApplicationStartMain                  : Started ApplicationStartMain in 8.074 seconds (JVM running for 9.139)
2017-03-17 20:35:40.263  INFO 12964 --- [main] cn.ApplicationStartMain                  : Starting ApplicationStartMain on DESKTOP-M82L15A with PID 12964 (C:\Users\macAdministrator\Desktop\RSEMServer\target\classes started by macAdministrator in C:\Users\macAdministrator\Desktop\RSEMServer)
2017-03-17 20:35:40.263  INFO 12964 --- [main] cn.ApplicationStartMain                  : No active profile set, falling back to default profiles: default
2017-03-17 20:35:40.451  INFO 12964 --- [main] ationConfigEmbeddedWebApplicationContext : Refreshing org.springframework.boot.context.embedded.AnnotationConfigEmbeddedWebApplicationContext@748741cb: startup date [Fri Mar 17 20:35:40 CST 2017]; root of context hierarchy
2017-03-17 20:35:41.951  INFO 12964 --- [main] trationDelegate$BeanPostProcessorChecker : Bean 'org.springframework.transaction.annotation.ProxyTransactionManagementConfiguration' of type [org.springframework.transaction.annotation.ProxyTransactionManagementConfiguration$$EnhancerBySpringCGLIB$$ece02cbe] is not eligible for getting processed by all BeanPostProcessors (for example: not eligible for auto-proxying)
2017-03-17 20:35:42.435  INFO 12964 --- [main] s.b.c.e.t.TomcatEmbeddedServletContainer : Tomcat initialized with port(s): 8081 (http)
2017-03-17 20:35:42.451  INFO 12964 --- [main] o.apache.catalina.core.StandardService   : Starting service Tomcat
2017-03-17 20:35:42.451  INFO 12964 --- [main] org.apache.catalina.core.StandardEngine  : Starting Servlet Engine: Apache Tomcat/8.5.11
2017-03-17 20:35:42.591  INFO 12964 --- [localhost-startStop-1] o.a.c.c.C.[.[localhost].[/RSEMSServer]   : Initializing Spring embedded WebApplicationContext
2017-03-17 20:35:42.591  INFO 12964 --- [localhost-startStop-1] o.s.web.context.ContextLoader            : Root WebApplicationContext: initialization completed in 2140 ms
2017-03-17 20:35:42.607  INFO 12964 --- [localhost-startStop-1] c.rails.rsems.config.DruidConfiguration  : init Druid Servlet Configuration 
2017-03-17 20:35:42.888  INFO 12964 --- [localhost-startStop-1] o.s.b.w.servlet.ServletRegistrationBean  : Mapping servlet: 'statViewServlet' to [/druid/*]
2017-03-17 20:35:42.888  INFO 12964 --- [localhost-startStop-1] o.s.b.w.servlet.ServletRegistrationBean  : Mapping servlet: 'dispatcherServlet' to [/]
2017-03-17 20:35:42.888  INFO 12964 --- [localhost-startStop-1] o.s.b.w.servlet.FilterRegistrationBean   : Mapping filter: 'characterEncodingFilter' to: [/*]
2017-03-17 20:35:42.888  INFO 12964 --- [localhost-startStop-1] o.s.b.w.servlet.FilterRegistrationBean   : Mapping filter: 'hiddenHttpMethodFilter' to: [/*]
2017-03-17 20:35:42.888  INFO 12964 --- [localhost-startStop-1] o.s.b.w.servlet.FilterRegistrationBean   : Mapping filter: 'httpPutFormContentFilter' to: [/*]
2017-03-17 20:35:42.888  INFO 12964 --- [localhost-startStop-1] o.s.b.w.servlet.FilterRegistrationBean   : Mapping filter: 'requestContextFilter' to: [/*]
2017-03-17 20:35:42.904  INFO 12964 --- [localhost-startStop-1] o.s.b.w.servlet.FilterRegistrationBean   : Mapping filter: 'webStatFilter' to urls: [/*]
2017-03-17 20:35:43.560  INFO 12964 --- [main] com.alibaba.druid.pool.DruidDataSource   : {dataSource-1} inited
2017-03-17 20:35:45.138  INFO 12964 --- [main] s.w.s.m.m.a.RequestMappingHandlerAdapter : Looking for @ControllerAdvice: org.springframework.boot.context.embedded.AnnotationConfigEmbeddedWebApplicationContext@748741cb: startup date [Fri Mar 17 20:35:40 CST 2017]; root of context hierarchy
2017-03-17 20:35:45.232  INFO 12964 --- [main] s.w.s.m.m.a.RequestMappingHandlerMapping : Mapped "{[/inspectContent/update]}" onto public java.lang.Object cn.rails.rsems.controller.inspection.InspectContentController.update(cn.rails.rsems.model.inspection.InspectContent)
2017-03-17 20:35:45.232  INFO 12964 --- [main] s.w.s.m.m.a.RequestMappingHandlerMapping : Mapped "{[/inspectContent/delete]}" onto public java.lang.Object cn.rails.rsems.controller.inspection.InspectContentController.delete(java.lang.String)
2017-03-17 20:35:45.232  INFO 12964 --- [main] s.w.s.m.m.a.RequestMappingHandlerMapping : Mapped "{[/inspectContent/insert]}" onto public java.lang.Object cn.rails.rsems.controller.inspection.InspectContentController.insert(cn.rails.rsems.model.inspection.InspectContent)
2017-03-17 20:35:45.232  INFO 12964 --- [main] s.w.s.m.m.a.RequestMappingHandlerMapping : Mapped "{[/inspectContent/selectById]}" onto public java.lang.Object cn.rails.rsems.controller.inspection.InspectContentController.selectById(java.lang.String)
2017-03-17 20:35:45.232  INFO 12964 --- [main] s.w.s.m.m.a.RequestMappingHandlerMapping : Mapped "{[/inspectContent/listByPage]}" onto public java.lang.Object cn.rails.rsems.controller.inspection.InspectContentController.listByPage(java.lang.Integer,java.lang.Integer)
2017-03-17 20:35:45.247  INFO 12964 --- [main] s.w.s.m.m.a.RequestMappingHandlerMapping : Mapped "{[/inspectPlan/update]}" onto public java.lang.Object cn.rails.rsems.controller.inspection.InspectPlanController.update(cn.rails.rsems.model.inspection.InspectPlan)
2017-03-17 20:35:45.247  INFO 12964 --- [main] s.w.s.m.m.a.RequestMappingHandlerMapping : Mapped "{[/inspectPlan/delete]}" onto public java.lang.Object cn.rails.rsems.controller.inspection.InspectPlanController.delete(java.lang.String)
2017-03-17 20:35:45.247  INFO 12964 --- [main] s.w.s.m.m.a.RequestMappingHandlerMapping : Mapped "{[/inspectPlan/insert]}" onto public java.lang.Object cn.rails.rsems.controller.inspection.InspectPlanController.insert(cn.rails.rsems.model.inspection.InspectPlan)
2017-03-17 20:35:45.247  INFO 12964 --- [main] s.w.s.m.m.a.RequestMappingHandlerMapping : Mapped "{[/inspectPlan/selectById]}" onto public java.lang.Object cn.rails.rsems.controller.inspection.InspectPlanController.selectById(java.lang.String)
2017-03-17 20:35:45.247  INFO 12964 --- [main] s.w.s.m.m.a.RequestMappingHandlerMapping : Mapped "{[/inspectPlan/listByPage]}" onto public java.lang.Object cn.rails.rsems.controller.inspection.InspectPlanController.listByPage(java.lang.Integer,java.lang.Integer)
2017-03-17 20:35:45.247  INFO 12964 --- [main] s.w.s.m.m.a.RequestMappingHandlerMapping : Mapped "{[/test]}" onto public cn.rails.rsems.common.vo.JsonResult cn.rails.rsems.controller.RestController.test(java.lang.Integer,java.lang.Integer)
2017-03-17 20:35:45.247  INFO 12964 --- [main] s.w.s.m.m.a.RequestMappingHandlerMapping : Mapped "{[/companytype/insert]}" onto public cn.rails.rsems.common.vo.JsonResult cn.rails.rsems.controller.system.CompanyTypeController.insert() throws java.io.UnsupportedEncodingException
2017-03-17 20:35:45.247  INFO 12964 --- [main] s.w.s.m.m.a.RequestMappingHandlerMapping : Mapped "{[/companytype/updateById]}" onto public cn.rails.rsems.common.vo.JsonResult cn.rails.rsems.controller.system.CompanyTypeController.updateById() throws java.io.UnsupportedEncodingException
2017-03-17 20:35:45.247  INFO 12964 --- [main] s.w.s.m.m.a.RequestMappingHandlerMapping : Mapped "{[/companytype/deleteById]}" onto public cn.rails.rsems.common.vo.JsonResult cn.rails.rsems.controller.system.CompanyTypeController.deleteById() throws java.io.UnsupportedEncodingException
2017-03-17 20:35:45.247  INFO 12964 --- [main] s.w.s.m.m.a.RequestMappingHandlerMapping : Mapped "{[/companytype/selectAll]}" onto public cn.rails.rsems.common.vo.JsonResult cn.rails.rsems.controller.system.CompanyTypeController.selectAll()
2017-03-17 20:35:45.247  INFO 12964 --- [main] s.w.s.m.m.a.RequestMappingHandlerMapping : Mapped "{[/error]}" onto public org.springframework.http.ResponseEntity<java.util.Map<java.lang.String, java.lang.Object>> org.springframework.boot.autoconfigure.web.BasicErrorController.error(javax.servlet.http.HttpServletRequest)
2017-03-17 20:35:45.247  INFO 12964 --- [main] s.w.s.m.m.a.RequestMappingHandlerMapping : Mapped "{[/error],produces=[text/html]}" onto public org.springframework.web.servlet.ModelAndView org.springframework.boot.autoconfigure.web.BasicErrorController.errorHtml(javax.servlet.http.HttpServletRequest,javax.servlet.http.HttpServletResponse)
2017-03-17 20:35:45.279  INFO 12964 --- [main] o.s.w.s.handler.SimpleUrlHandlerMapping  : Mapped URL path [/webjars/**] onto handler of type [class org.springframework.web.servlet.resource.ResourceHttpRequestHandler]
2017-03-17 20:35:45.279  INFO 12964 --- [main] o.s.w.s.handler.SimpleUrlHandlerMapping  : Mapped URL path [/**] onto handler of type [class org.springframework.web.servlet.resource.ResourceHttpRequestHandler]
2017-03-17 20:35:45.326  INFO 12964 --- [main] o.s.w.s.handler.SimpleUrlHandlerMapping  : Mapped URL path [/**/favicon.ico] onto handler of type [class org.springframework.web.servlet.resource.ResourceHttpRequestHandler]
2017-03-17 20:35:46.075  INFO 12964 --- [main] o.s.j.e.a.AnnotationMBeanExporter        : Registering beans for JMX exposure on startup
2017-03-17 20:35:46.091  INFO 12964 --- [main] o.s.j.e.a.AnnotationMBeanExporter        : Bean with name 'dataSource' has been autodetected for JMX exposure
2017-03-17 20:35:46.107  INFO 12964 --- [main] o.s.j.e.a.AnnotationMBeanExporter        : Located MBean 'dataSource': registering with JMX server as MBean [com.alibaba.druid.pool:name=dataSource,type=DruidDataSource]
2017-03-17 20:35:46.216  INFO 12964 --- [main] s.b.c.e.t.TomcatEmbeddedServletContainer : Tomcat started on port(s): 8081 (http)
2017-03-17 20:35:46.232  INFO 12964 --- [main] cn.ApplicationStartMain                  : Started ApplicationStartMain in 6.906 seconds (JVM running for 8.098)
2017-03-17 20:36:21.093  INFO 8780 --- [main] cn.ApplicationStartMain                  : Starting ApplicationStartMain on DESKTOP-M82L15A with PID 8780 (C:\Users\macAdministrator\Desktop\RSEMServer\target\classes started by macAdministrator in C:\Users\macAdministrator\Desktop\RSEMServer)
2017-03-17 20:36:21.093  INFO 8780 --- [main] cn.ApplicationStartMain                  : No active profile set, falling back to default profiles: default
2017-03-17 20:36:21.250  INFO 8780 --- [main] ationConfigEmbeddedWebApplicationContext : Refreshing org.springframework.boot.context.embedded.AnnotationConfigEmbeddedWebApplicationContext@748741cb: startup date [Fri Mar 17 20:36:21 CST 2017]; root of context hierarchy
2017-03-17 20:36:23.109  INFO 8780 --- [main] trationDelegate$BeanPostProcessorChecker : Bean 'org.springframework.transaction.annotation.ProxyTransactionManagementConfiguration' of type [org.springframework.transaction.annotation.ProxyTransactionManagementConfiguration$$EnhancerBySpringCGLIB$$1af91100] is not eligible for getting processed by all BeanPostProcessors (for example: not eligible for auto-proxying)
2017-03-17 20:36:23.578  INFO 8780 --- [main] s.b.c.e.t.TomcatEmbeddedServletContainer : Tomcat initialized with port(s): 8081 (http)
2017-03-17 20:36:23.609  INFO 8780 --- [main] o.apache.catalina.core.StandardService   : Starting service Tomcat
2017-03-17 20:36:23.609  INFO 8780 --- [main] org.apache.catalina.core.StandardEngine  : Starting Servlet Engine: Apache Tomcat/8.5.11
2017-03-17 20:36:23.749  INFO 8780 --- [localhost-startStop-1] o.a.c.c.C.[.[localhost].[/RSEMSServer]   : Initializing Spring embedded WebApplicationContext
2017-03-17 20:36:23.749  INFO 8780 --- [localhost-startStop-1] o.s.web.context.ContextLoader            : Root WebApplicationContext: initialization completed in 2515 ms
2017-03-17 20:36:23.766  INFO 8780 --- [localhost-startStop-1] c.rails.rsems.config.DruidConfiguration  : init Druid Servlet Configuration 
2017-03-17 20:36:24.015  INFO 8780 --- [localhost-startStop-1] o.s.b.w.servlet.ServletRegistrationBean  : Mapping servlet: 'statViewServlet' to [/druid/*]
2017-03-17 20:36:24.015  INFO 8780 --- [localhost-startStop-1] o.s.b.w.servlet.ServletRegistrationBean  : Mapping servlet: 'dispatcherServlet' to [/]
2017-03-17 20:36:24.031  INFO 8780 --- [localhost-startStop-1] o.s.b.w.servlet.FilterRegistrationBean   : Mapping filter: 'characterEncodingFilter' to: [/*]
2017-03-17 20:36:24.031  INFO 8780 --- [localhost-startStop-1] o.s.b.w.servlet.FilterRegistrationBean   : Mapping filter: 'hiddenHttpMethodFilter' to: [/*]
2017-03-17 20:36:24.031  INFO 8780 --- [localhost-startStop-1] o.s.b.w.servlet.FilterRegistrationBean   : Mapping filter: 'httpPutFormContentFilter' to: [/*]
2017-03-17 20:36:24.031  INFO 8780 --- [localhost-startStop-1] o.s.b.w.servlet.FilterRegistrationBean   : Mapping filter: 'requestContextFilter' to: [/*]
2017-03-17 20:36:24.031  INFO 8780 --- [localhost-startStop-1] o.s.b.w.servlet.FilterRegistrationBean   : Mapping filter: 'webStatFilter' to urls: [/*]
2017-03-17 20:36:24.578  INFO 8780 --- [main] com.alibaba.druid.pool.DruidDataSource   : {dataSource-1} inited
2017-03-17 20:36:25.984  INFO 8780 --- [main] s.w.s.m.m.a.RequestMappingHandlerAdapter : Looking for @ControllerAdvice: org.springframework.boot.context.embedded.AnnotationConfigEmbeddedWebApplicationContext@748741cb: startup date [Fri Mar 17 20:36:21 CST 2017]; root of context hierarchy
2017-03-17 20:36:26.078  INFO 8780 --- [main] s.w.s.m.m.a.RequestMappingHandlerMapping : Mapped "{[/inspectContent/update]}" onto public java.lang.Object cn.rails.rsems.controller.inspection.InspectContentController.update(cn.rails.rsems.model.inspection.InspectContent)
2017-03-17 20:36:26.078  INFO 8780 --- [main] s.w.s.m.m.a.RequestMappingHandlerMapping : Mapped "{[/inspectContent/delete]}" onto public java.lang.Object cn.rails.rsems.controller.inspection.InspectContentController.delete(java.lang.String)
2017-03-17 20:36:26.078  INFO 8780 --- [main] s.w.s.m.m.a.RequestMappingHandlerMapping : Mapped "{[/inspectContent/insert]}" onto public java.lang.Object cn.rails.rsems.controller.inspection.InspectContentController.insert(cn.rails.rsems.model.inspection.InspectContent)
2017-03-17 20:36:26.078  INFO 8780 --- [main] s.w.s.m.m.a.RequestMappingHandlerMapping : Mapped "{[/inspectContent/listByPage]}" onto public java.lang.Object cn.rails.rsems.controller.inspection.InspectContentController.listByPage(java.lang.Integer,java.lang.Integer)
2017-03-17 20:36:26.078  INFO 8780 --- [main] s.w.s.m.m.a.RequestMappingHandlerMapping : Mapped "{[/inspectContent/selectById]}" onto public java.lang.Object cn.rails.rsems.controller.inspection.InspectContentController.selectById(java.lang.String)
2017-03-17 20:36:26.078  INFO 8780 --- [main] s.w.s.m.m.a.RequestMappingHandlerMapping : Mapped "{[/inspectPlan/update]}" onto public java.lang.Object cn.rails.rsems.controller.inspection.InspectPlanController.update(cn.rails.rsems.model.inspection.InspectPlan)
2017-03-17 20:36:26.078  INFO 8780 --- [main] s.w.s.m.m.a.RequestMappingHandlerMapping : Mapped "{[/inspectPlan/delete]}" onto public java.lang.Object cn.rails.rsems.controller.inspection.InspectPlanController.delete(java.lang.String)
2017-03-17 20:36:26.078  INFO 8780 --- [main] s.w.s.m.m.a.RequestMappingHandlerMapping : Mapped "{[/inspectPlan/insert]}" onto public java.lang.Object cn.rails.rsems.controller.inspection.InspectPlanController.insert(cn.rails.rsems.model.inspection.InspectPlan)
2017-03-17 20:36:26.078  INFO 8780 --- [main] s.w.s.m.m.a.RequestMappingHandlerMapping : Mapped "{[/inspectPlan/listByPage]}" onto public java.lang.Object cn.rails.rsems.controller.inspection.InspectPlanController.listByPage(java.lang.Integer,java.lang.Integer)
2017-03-17 20:36:26.078  INFO 8780 --- [main] s.w.s.m.m.a.RequestMappingHandlerMapping : Mapped "{[/inspectPlan/selectById]}" onto public java.lang.Object cn.rails.rsems.controller.inspection.InspectPlanController.selectById(java.lang.String)
2017-03-17 20:36:26.078  INFO 8780 --- [main] s.w.s.m.m.a.RequestMappingHandlerMapping : Mapped "{[/test]}" onto public cn.rails.rsems.common.vo.JsonResult cn.rails.rsems.controller.RestController.test(java.lang.Integer,java.lang.Integer)
2017-03-17 20:36:26.078  INFO 8780 --- [main] s.w.s.m.m.a.RequestMappingHandlerMapping : Mapped "{[/companytype/insert]}" onto public cn.rails.rsems.common.vo.JsonResult cn.rails.rsems.controller.system.CompanyTypeController.insert() throws java.io.UnsupportedEncodingException
2017-03-17 20:36:26.078  INFO 8780 --- [main] s.w.s.m.m.a.RequestMappingHandlerMapping : Mapped "{[/companytype/deleteById]}" onto public cn.rails.rsems.common.vo.JsonResult cn.rails.rsems.controller.system.CompanyTypeController.deleteById() throws java.io.UnsupportedEncodingException
2017-03-17 20:36:26.078  INFO 8780 --- [main] s.w.s.m.m.a.RequestMappingHandlerMapping : Mapped "{[/companytype/selectAll]}" onto public cn.rails.rsems.common.vo.JsonResult cn.rails.rsems.controller.system.CompanyTypeController.selectAll()
2017-03-17 20:36:26.078  INFO 8780 --- [main] s.w.s.m.m.a.RequestMappingHandlerMapping : Mapped "{[/companytype/updateById]}" onto public cn.rails.rsems.common.vo.JsonResult cn.rails.rsems.controller.system.CompanyTypeController.updateById() throws java.io.UnsupportedEncodingException
2017-03-17 20:36:26.093  INFO 8780 --- [main] s.w.s.m.m.a.RequestMappingHandlerMapping : Mapped "{[/error]}" onto public org.springframework.http.ResponseEntity<java.util.Map<java.lang.String, java.lang.Object>> org.springframework.boot.autoconfigure.web.BasicErrorController.error(javax.servlet.http.HttpServletRequest)
2017-03-17 20:36:26.093  INFO 8780 --- [main] s.w.s.m.m.a.RequestMappingHandlerMapping : Mapped "{[/error],produces=[text/html]}" onto public org.springframework.web.servlet.ModelAndView org.springframework.boot.autoconfigure.web.BasicErrorController.errorHtml(javax.servlet.http.HttpServletRequest,javax.servlet.http.HttpServletResponse)
2017-03-17 20:36:26.140  INFO 8780 --- [main] o.s.w.s.handler.SimpleUrlHandlerMapping  : Mapped URL path [/webjars/**] onto handler of type [class org.springframework.web.servlet.resource.ResourceHttpRequestHandler]
2017-03-17 20:36:26.140  INFO 8780 --- [main] o.s.w.s.handler.SimpleUrlHandlerMapping  : Mapped URL path [/**] onto handler of type [class org.springframework.web.servlet.resource.ResourceHttpRequestHandler]
2017-03-17 20:36:26.187  INFO 8780 --- [main] o.s.w.s.handler.SimpleUrlHandlerMapping  : Mapped URL path [/**/favicon.ico] onto handler of type [class org.springframework.web.servlet.resource.ResourceHttpRequestHandler]
2017-03-17 20:36:26.702  INFO 8780 --- [main] o.s.j.e.a.AnnotationMBeanExporter        : Registering beans for JMX exposure on startup
2017-03-17 20:36:26.702  INFO 8780 --- [main] o.s.j.e.a.AnnotationMBeanExporter        : Bean with name 'dataSource' has been autodetected for JMX exposure
2017-03-17 20:36:26.702  INFO 8780 --- [main] o.s.j.e.a.AnnotationMBeanExporter        : Located MBean 'dataSource': registering with JMX server as MBean [com.alibaba.druid.pool:name=dataSource,type=DruidDataSource]
2017-03-17 20:36:26.796  INFO 8780 --- [main] s.b.c.e.t.TomcatEmbeddedServletContainer : Tomcat started on port(s): 8081 (http)
2017-03-17 20:36:26.796  INFO 8780 --- [main] cn.ApplicationStartMain                  : Started ApplicationStartMain in 6.749 seconds (JVM running for 7.688)
2017-03-17 20:39:54.553  INFO 10516 --- [main] cn.ApplicationStartMain                  : Starting ApplicationStartMain on DESKTOP-M82L15A with PID 10516 (C:\Users\macAdministrator\Desktop\RSEMServer\target\classes started by macAdministrator in C:\Users\macAdministrator\Desktop\RSEMServer)
2017-03-17 20:39:54.568  INFO 10516 --- [main] cn.ApplicationStartMain                  : No active profile set, falling back to default profiles: default
2017-03-17 20:39:54.709  INFO 10516 --- [main] ationConfigEmbeddedWebApplicationContext : Refreshing org.springframework.boot.context.embedded.AnnotationConfigEmbeddedWebApplicationContext@4e928fbf: startup date [Fri Mar 17 20:39:54 CST 2017]; root of context hierarchy
2017-03-17 20:39:56.881  INFO 10516 --- [main] trationDelegate$BeanPostProcessorChecker : Bean 'org.springframework.transaction.annotation.ProxyTransactionManagementConfiguration' of type [org.springframework.transaction.annotation.ProxyTransactionManagementConfiguration$$EnhancerBySpringCGLIB$$16c0afd] is not eligible for getting processed by all BeanPostProcessors (for example: not eligible for auto-proxying)
2017-03-17 20:39:57.537  INFO 10516 --- [main] s.b.c.e.t.TomcatEmbeddedServletContainer : Tomcat initialized with port(s): 8081 (http)
2017-03-17 20:39:57.599  INFO 10516 --- [main] o.apache.catalina.core.StandardService   : Starting service Tomcat
2017-03-17 20:39:57.599  INFO 10516 --- [main] org.apache.catalina.core.StandardEngine  : Starting Servlet Engine: Apache Tomcat/8.5.11
2017-03-17 20:39:57.881  INFO 10516 --- [localhost-startStop-1] o.a.c.c.C.[.[localhost].[/RSEMSServer]   : Initializing Spring embedded WebApplicationContext
2017-03-17 20:39:57.881  INFO 10516 --- [localhost-startStop-1] o.s.web.context.ContextLoader            : Root WebApplicationContext: initialization completed in 3172 ms
2017-03-17 20:39:57.928  INFO 10516 --- [localhost-startStop-1] c.rails.rsems.config.DruidConfiguration  : init Druid Servlet Configuration 
2017-03-17 20:39:58.256  INFO 10516 --- [localhost-startStop-1] o.s.b.w.servlet.ServletRegistrationBean  : Mapping servlet: 'statViewServlet' to [/druid/*]
2017-03-17 20:39:58.256  INFO 10516 --- [localhost-startStop-1] o.s.b.w.servlet.ServletRegistrationBean  : Mapping servlet: 'dispatcherServlet' to [/]
2017-03-17 20:39:58.271  INFO 10516 --- [localhost-startStop-1] o.s.b.w.servlet.FilterRegistrationBean   : Mapping filter: 'characterEncodingFilter' to: [/*]
2017-03-17 20:39:58.271  INFO 10516 --- [localhost-startStop-1] o.s.b.w.servlet.FilterRegistrationBean   : Mapping filter: 'hiddenHttpMethodFilter' to: [/*]
2017-03-17 20:39:58.271  INFO 10516 --- [localhost-startStop-1] o.s.b.w.servlet.FilterRegistrationBean   : Mapping filter: 'httpPutFormContentFilter' to: [/*]
2017-03-17 20:39:58.271  INFO 10516 --- [localhost-startStop-1] o.s.b.w.servlet.FilterRegistrationBean   : Mapping filter: 'requestContextFilter' to: [/*]
2017-03-17 20:39:58.271  INFO 10516 --- [localhost-startStop-1] o.s.b.w.servlet.FilterRegistrationBean   : Mapping filter: 'webStatFilter' to urls: [/*]
2017-03-17 20:39:58.881  INFO 10516 --- [main] com.alibaba.druid.pool.DruidDataSource   : {dataSource-1} inited
2017-03-17 20:40:00.162  INFO 10516 --- [main] s.w.s.m.m.a.RequestMappingHandlerAdapter : Looking for @ControllerAdvice: org.springframework.boot.context.embedded.AnnotationConfigEmbeddedWebApplicationContext@4e928fbf: startup date [Fri Mar 17 20:39:54 CST 2017]; root of context hierarchy
2017-03-17 20:40:00.256  INFO 10516 --- [main] s.w.s.m.m.a.RequestMappingHandlerMapping : Mapped "{[/inspectContent/update]}" onto public java.lang.Object cn.rails.rsems.controller.inspection.InspectContentController.update(cn.rails.rsems.model.inspection.InspectContent)
2017-03-17 20:40:00.256  INFO 10516 --- [main] s.w.s.m.m.a.RequestMappingHandlerMapping : Mapped "{[/inspectContent/delete]}" onto public java.lang.Object cn.rails.rsems.controller.inspection.InspectContentController.delete(java.lang.String)
2017-03-17 20:40:00.256  INFO 10516 --- [main] s.w.s.m.m.a.RequestMappingHandlerMapping : Mapped "{[/inspectContent/insert]}" onto public java.lang.Object cn.rails.rsems.controller.inspection.InspectContentController.insert(cn.rails.rsems.model.inspection.InspectContent)
2017-03-17 20:40:00.256  INFO 10516 --- [main] s.w.s.m.m.a.RequestMappingHandlerMapping : Mapped "{[/inspectContent/listByPage]}" onto public java.lang.Object cn.rails.rsems.controller.inspection.InspectContentController.listByPage(java.lang.Integer,java.lang.Integer)
2017-03-17 20:40:00.256  INFO 10516 --- [main] s.w.s.m.m.a.RequestMappingHandlerMapping : Mapped "{[/inspectContent/selectById]}" onto public java.lang.Object cn.rails.rsems.controller.inspection.InspectContentController.selectById(java.lang.String)
2017-03-17 20:40:00.256  INFO 10516 --- [main] s.w.s.m.m.a.RequestMappingHandlerMapping : Mapped "{[/inspectPlan/update]}" onto public java.lang.Object cn.rails.rsems.controller.inspection.InspectPlanController.update(cn.rails.rsems.model.inspection.InspectPlan)
2017-03-17 20:40:00.256  INFO 10516 --- [main] s.w.s.m.m.a.RequestMappingHandlerMapping : Mapped "{[/inspectPlan/delete]}" onto public java.lang.Object cn.rails.rsems.controller.inspection.InspectPlanController.delete(java.lang.String)
2017-03-17 20:40:00.256  INFO 10516 --- [main] s.w.s.m.m.a.RequestMappingHandlerMapping : Mapped "{[/inspectPlan/insert]}" onto public java.lang.Object cn.rails.rsems.controller.inspection.InspectPlanController.insert(cn.rails.rsems.model.inspection.InspectPlan)
2017-03-17 20:40:00.256  INFO 10516 --- [main] s.w.s.m.m.a.RequestMappingHandlerMapping : Mapped "{[/inspectPlan/listByPage]}" onto public java.lang.Object cn.rails.rsems.controller.inspection.InspectPlanController.listByPage(java.lang.Integer,java.lang.Integer)
2017-03-17 20:40:00.256  INFO 10516 --- [main] s.w.s.m.m.a.RequestMappingHandlerMapping : Mapped "{[/inspectPlan/selectById]}" onto public java.lang.Object cn.rails.rsems.controller.inspection.InspectPlanController.selectById(java.lang.String)
2017-03-17 20:40:00.256  INFO 10516 --- [main] s.w.s.m.m.a.RequestMappingHandlerMapping : Mapped "{[/test]}" onto public cn.rails.rsems.common.vo.JsonResult cn.rails.rsems.controller.RestController.test(java.lang.Integer,java.lang.Integer)
2017-03-17 20:40:00.256  INFO 10516 --- [main] s.w.s.m.m.a.RequestMappingHandlerMapping : Mapped "{[/companytype/insert]}" onto public cn.rails.rsems.common.vo.JsonResult cn.rails.rsems.controller.system.CompanyTypeController.insert() throws java.io.UnsupportedEncodingException
2017-03-17 20:40:00.256  INFO 10516 --- [main] s.w.s.m.m.a.RequestMappingHandlerMapping : Mapped "{[/companytype/selectAll]}" onto public cn.rails.rsems.common.vo.JsonResult cn.rails.rsems.controller.system.CompanyTypeController.selectAll()
2017-03-17 20:40:00.256  INFO 10516 --- [main] s.w.s.m.m.a.RequestMappingHandlerMapping : Mapped "{[/companytype/deleteById]}" onto public cn.rails.rsems.common.vo.JsonResult cn.rails.rsems.controller.system.CompanyTypeController.deleteById() throws java.io.UnsupportedEncodingException
2017-03-17 20:40:00.256  INFO 10516 --- [main] s.w.s.m.m.a.RequestMappingHandlerMapping : Mapped "{[/companytype/updateById]}" onto public cn.rails.rsems.common.vo.JsonResult cn.rails.rsems.controller.system.CompanyTypeController.updateById() throws java.io.UnsupportedEncodingException
2017-03-17 20:40:00.271  INFO 10516 --- [main] s.w.s.m.m.a.RequestMappingHandlerMapping : Mapped "{[/error]}" onto public org.springframework.http.ResponseEntity<java.util.Map<java.lang.String, java.lang.Object>> org.springframework.boot.autoconfigure.web.BasicErrorController.error(javax.servlet.http.HttpServletRequest)
2017-03-17 20:40:00.271  INFO 10516 --- [main] s.w.s.m.m.a.RequestMappingHandlerMapping : Mapped "{[/error],produces=[text/html]}" onto public org.springframework.web.servlet.ModelAndView org.springframework.boot.autoconfigure.web.BasicErrorController.errorHtml(javax.servlet.http.HttpServletRequest,javax.servlet.http.HttpServletResponse)
2017-03-17 20:40:00.302  INFO 10516 --- [main] o.s.w.s.handler.SimpleUrlHandlerMapping  : Mapped URL path [/webjars/**] onto handler of type [class org.springframework.web.servlet.resource.ResourceHttpRequestHandler]
2017-03-17 20:40:00.302  INFO 10516 --- [main] o.s.w.s.handler.SimpleUrlHandlerMapping  : Mapped URL path [/**] onto handler of type [class org.springframework.web.servlet.resource.ResourceHttpRequestHandler]
2017-03-17 20:40:00.350  INFO 10516 --- [main] o.s.w.s.handler.SimpleUrlHandlerMapping  : Mapped URL path [/**/favicon.ico] onto handler of type [class org.springframework.web.servlet.resource.ResourceHttpRequestHandler]
2017-03-17 20:40:00.927  INFO 10516 --- [main] o.s.j.e.a.AnnotationMBeanExporter        : Registering beans for JMX exposure on startup
2017-03-17 20:40:00.943  INFO 10516 --- [main] o.s.j.e.a.AnnotationMBeanExporter        : Bean with name 'dataSource' has been autodetected for JMX exposure
2017-03-17 20:40:00.943  INFO 10516 --- [main] o.s.j.e.a.AnnotationMBeanExporter        : Located MBean 'dataSource': registering with JMX server as MBean [com.alibaba.druid.pool:name=dataSource,type=DruidDataSource]
2017-03-17 20:40:01.006  INFO 10516 --- [main] s.b.c.e.t.TomcatEmbeddedServletContainer : Tomcat started on port(s): 8081 (http)
2017-03-17 20:40:01.021  INFO 10516 --- [main] cn.ApplicationStartMain                  : Started ApplicationStartMain in 7.14 seconds (JVM running for 7.923)
2017-03-17 20:41:00.305  INFO 8440 --- [main] cn.ApplicationStartMain                  : Starting ApplicationStartMain on DESKTOP-M82L15A with PID 8440 (C:\Users\macAdministrator\Desktop\RSEMServer\target\classes started by macAdministrator in C:\Users\macAdministrator\Desktop\RSEMServer)
2017-03-17 20:41:00.337  INFO 8440 --- [main] cn.ApplicationStartMain                  : No active profile set, falling back to default profiles: default
2017-03-17 20:41:00.462  INFO 8440 --- [main] ationConfigEmbeddedWebApplicationContext : Refreshing org.springframework.boot.context.embedded.AnnotationConfigEmbeddedWebApplicationContext@4e928fbf: startup date [Fri Mar 17 20:41:00 CST 2017]; root of context hierarchy
2017-03-17 20:41:02.321  INFO 8440 --- [main] trationDelegate$BeanPostProcessorChecker : Bean 'org.springframework.transaction.annotation.ProxyTransactionManagementConfiguration' of type [org.springframework.transaction.annotation.ProxyTransactionManagementConfiguration$$EnhancerBySpringCGLIB$$abea0edf] is not eligible for getting processed by all BeanPostProcessors (for example: not eligible for auto-proxying)
2017-03-17 20:41:02.821  INFO 8440 --- [main] s.b.c.e.t.TomcatEmbeddedServletContainer : Tomcat initialized with port(s): 8081 (http)
2017-03-17 20:41:02.837  INFO 8440 --- [main] o.apache.catalina.core.StandardService   : Starting service Tomcat
2017-03-17 20:41:02.837  INFO 8440 --- [main] org.apache.catalina.core.StandardEngine  : Starting Servlet Engine: Apache Tomcat/8.5.11
2017-03-17 20:41:02.962  INFO 8440 --- [localhost-startStop-1] o.a.c.c.C.[.[localhost].[/RSEMSServer]   : Initializing Spring embedded WebApplicationContext
2017-03-17 20:41:02.962  INFO 8440 --- [localhost-startStop-1] o.s.web.context.ContextLoader            : Root WebApplicationContext: initialization completed in 2516 ms
2017-03-17 20:41:02.994  INFO 8440 --- [localhost-startStop-1] c.rails.rsems.config.DruidConfiguration  : init Druid Servlet Configuration 
2017-03-17 20:41:03.274  INFO 8440 --- [localhost-startStop-1] o.s.b.w.servlet.ServletRegistrationBean  : Mapping servlet: 'statViewServlet' to [/druid/*]
2017-03-17 20:41:03.274  INFO 8440 --- [localhost-startStop-1] o.s.b.w.servlet.ServletRegistrationBean  : Mapping servlet: 'dispatcherServlet' to [/]
2017-03-17 20:41:03.290  INFO 8440 --- [localhost-startStop-1] o.s.b.w.servlet.FilterRegistrationBean   : Mapping filter: 'characterEncodingFilter' to: [/*]
2017-03-17 20:41:03.290  INFO 8440 --- [localhost-startStop-1] o.s.b.w.servlet.FilterRegistrationBean   : Mapping filter: 'hiddenHttpMethodFilter' to: [/*]
2017-03-17 20:41:03.290  INFO 8440 --- [localhost-startStop-1] o.s.b.w.servlet.FilterRegistrationBean   : Mapping filter: 'httpPutFormContentFilter' to: [/*]
2017-03-17 20:41:03.290  INFO 8440 --- [localhost-startStop-1] o.s.b.w.servlet.FilterRegistrationBean   : Mapping filter: 'requestContextFilter' to: [/*]
2017-03-17 20:41:03.290  INFO 8440 --- [localhost-startStop-1] o.s.b.w.servlet.FilterRegistrationBean   : Mapping filter: 'webStatFilter' to urls: [/*]
2017-03-17 20:41:03.883  INFO 8440 --- [main] com.alibaba.druid.pool.DruidDataSource   : {dataSource-1} inited
2017-03-17 20:41:05.258  INFO 8440 --- [main] s.w.s.m.m.a.RequestMappingHandlerAdapter : Looking for @ControllerAdvice: org.springframework.boot.context.embedded.AnnotationConfigEmbeddedWebApplicationContext@4e928fbf: startup date [Fri Mar 17 20:41:00 CST 2017]; root of context hierarchy
2017-03-17 20:41:05.336  INFO 8440 --- [main] s.w.s.m.m.a.RequestMappingHandlerMapping : Mapped "{[/inspectContent/update]}" onto public java.lang.Object cn.rails.rsems.controller.inspection.InspectContentController.update(cn.rails.rsems.model.inspection.InspectContent)
2017-03-17 20:41:05.336  INFO 8440 --- [main] s.w.s.m.m.a.RequestMappingHandlerMapping : Mapped "{[/inspectContent/delete]}" onto public java.lang.Object cn.rails.rsems.controller.inspection.InspectContentController.delete(java.lang.String)
2017-03-17 20:41:05.336  INFO 8440 --- [main] s.w.s.m.m.a.RequestMappingHandlerMapping : Mapped "{[/inspectContent/insert]}" onto public java.lang.Object cn.rails.rsems.controller.inspection.InspectContentController.insert(cn.rails.rsems.model.inspection.InspectContent)
2017-03-17 20:41:05.336  INFO 8440 --- [main] s.w.s.m.m.a.RequestMappingHandlerMapping : Mapped "{[/inspectContent/listByPage]}" onto public java.lang.Object cn.rails.rsems.controller.inspection.InspectContentController.listByPage(java.lang.Integer,java.lang.Integer)
2017-03-17 20:41:05.336  INFO 8440 --- [main] s.w.s.m.m.a.RequestMappingHandlerMapping : Mapped "{[/inspectContent/selectById]}" onto public java.lang.Object cn.rails.rsems.controller.inspection.InspectContentController.selectById(java.lang.String)
2017-03-17 20:41:05.336  INFO 8440 --- [main] s.w.s.m.m.a.RequestMappingHandlerMapping : Mapped "{[/inspectPlan/update]}" onto public java.lang.Object cn.rails.rsems.controller.inspection.InspectPlanController.update(cn.rails.rsems.model.inspection.InspectPlan)
2017-03-17 20:41:05.336  INFO 8440 --- [main] s.w.s.m.m.a.RequestMappingHandlerMapping : Mapped "{[/inspectPlan/delete]}" onto public java.lang.Object cn.rails.rsems.controller.inspection.InspectPlanController.delete(java.lang.String)
2017-03-17 20:41:05.336  INFO 8440 --- [main] s.w.s.m.m.a.RequestMappingHandlerMapping : Mapped "{[/inspectPlan/insert]}" onto public java.lang.Object cn.rails.rsems.controller.inspection.InspectPlanController.insert(cn.rails.rsems.model.inspection.InspectPlan)
2017-03-17 20:41:05.336  INFO 8440 --- [main] s.w.s.m.m.a.RequestMappingHandlerMapping : Mapped "{[/inspectPlan/listByPage]}" onto public java.lang.Object cn.rails.rsems.controller.inspection.InspectPlanController.listByPage(java.lang.Integer,java.lang.Integer)
2017-03-17 20:41:05.336  INFO 8440 --- [main] s.w.s.m.m.a.RequestMappingHandlerMapping : Mapped "{[/inspectPlan/selectById]}" onto public java.lang.Object cn.rails.rsems.controller.inspection.InspectPlanController.selectById(java.lang.String)
2017-03-17 20:41:05.336  INFO 8440 --- [main] s.w.s.m.m.a.RequestMappingHandlerMapping : Mapped "{[/test]}" onto public cn.rails.rsems.common.vo.JsonResult cn.rails.rsems.controller.RestController.test(java.lang.Integer,java.lang.Integer)
2017-03-17 20:41:05.336  INFO 8440 --- [main] s.w.s.m.m.a.RequestMappingHandlerMapping : Mapped "{[/companytype/insert]}" onto public cn.rails.rsems.common.vo.JsonResult cn.rails.rsems.controller.system.CompanyTypeController.insert() throws java.io.UnsupportedEncodingException
2017-03-17 20:41:05.352  INFO 8440 --- [main] s.w.s.m.m.a.RequestMappingHandlerMapping : Mapped "{[/companytype/selectAll]}" onto public cn.rails.rsems.common.vo.JsonResult cn.rails.rsems.controller.system.CompanyTypeController.selectAll()
2017-03-17 20:41:05.352  INFO 8440 --- [main] s.w.s.m.m.a.RequestMappingHandlerMapping : Mapped "{[/companytype/deleteById]}" onto public cn.rails.rsems.common.vo.JsonResult cn.rails.rsems.controller.system.CompanyTypeController.deleteById() throws java.io.UnsupportedEncodingException
2017-03-17 20:41:05.352  INFO 8440 --- [main] s.w.s.m.m.a.RequestMappingHandlerMapping : Mapped "{[/companytype/updateById]}" onto public cn.rails.rsems.common.vo.JsonResult cn.rails.rsems.controller.system.CompanyTypeController.updateById() throws java.io.UnsupportedEncodingException
2017-03-17 20:41:05.352  INFO 8440 --- [main] s.w.s.m.m.a.RequestMappingHandlerMapping : Mapped "{[/error]}" onto public org.springframework.http.ResponseEntity<java.util.Map<java.lang.String, java.lang.Object>> org.springframework.boot.autoconfigure.web.BasicErrorController.error(javax.servlet.http.HttpServletRequest)
2017-03-17 20:41:05.352  INFO 8440 --- [main] s.w.s.m.m.a.RequestMappingHandlerMapping : Mapped "{[/error],produces=[text/html]}" onto public org.springframework.web.servlet.ModelAndView org.springframework.boot.autoconfigure.web.BasicErrorController.errorHtml(javax.servlet.http.HttpServletRequest,javax.servlet.http.HttpServletResponse)
2017-03-17 20:41:05.399  INFO 8440 --- [main] o.s.w.s.handler.SimpleUrlHandlerMapping  : Mapped URL path [/webjars/**] onto handler of type [class org.springframework.web.servlet.resource.ResourceHttpRequestHandler]
2017-03-17 20:41:05.399  INFO 8440 --- [main] o.s.w.s.handler.SimpleUrlHandlerMapping  : Mapped URL path [/**] onto handler of type [class org.springframework.web.servlet.resource.ResourceHttpRequestHandler]
2017-03-17 20:41:05.446  INFO 8440 --- [main] o.s.w.s.handler.SimpleUrlHandlerMapping  : Mapped URL path [/**/favicon.ico] onto handler of type [class org.springframework.web.servlet.resource.ResourceHttpRequestHandler]
2017-03-17 20:41:05.961  INFO 8440 --- [main] o.s.j.e.a.AnnotationMBeanExporter        : Registering beans for JMX exposure on startup
2017-03-17 20:41:05.977  INFO 8440 --- [main] o.s.j.e.a.AnnotationMBeanExporter        : Bean with name 'dataSource' has been autodetected for JMX exposure
2017-03-17 20:41:05.977  INFO 8440 --- [main] o.s.j.e.a.AnnotationMBeanExporter        : Located MBean 'dataSource': registering with JMX server as MBean [com.alibaba.druid.pool:name=dataSource,type=DruidDataSource]
2017-03-17 20:41:06.055  INFO 8440 --- [main] s.b.c.e.t.TomcatEmbeddedServletContainer : Tomcat started on port(s): 8081 (http)
2017-03-17 20:41:06.055  INFO 8440 --- [main] cn.ApplicationStartMain                  : Started ApplicationStartMain in 6.593 seconds (JVM running for 7.614)
2017-03-17 20:45:30.491  INFO 7980 --- [main] cn.ApplicationStartMain                  : Starting ApplicationStartMain on DESKTOP-M82L15A with PID 7980 (C:\Users\macAdministrator\Desktop\RSEMServer\target\classes started by macAdministrator in C:\Users\macAdministrator\Desktop\RSEMServer)
2017-03-17 20:45:30.537  INFO 7980 --- [main] cn.ApplicationStartMain                  : No active profile set, falling back to default profiles: default
2017-03-17 20:45:30.725  INFO 7980 --- [main] ationConfigEmbeddedWebApplicationContext : Refreshing org.springframework.boot.context.embedded.AnnotationConfigEmbeddedWebApplicationContext@4e928fbf: startup date [Fri Mar 17 20:45:30 CST 2017]; root of context hierarchy
2017-03-17 20:45:32.897  INFO 7980 --- [main] trationDelegate$BeanPostProcessorChecker : Bean 'org.springframework.transaction.annotation.ProxyTransactionManagementConfiguration' of type [org.springframework.transaction.annotation.ProxyTransactionManagementConfiguration$$EnhancerBySpringCGLIB$$98b75376] is not eligible for getting processed by all BeanPostProcessors (for example: not eligible for auto-proxying)
2017-03-17 20:45:33.365  INFO 7980 --- [main] s.b.c.e.t.TomcatEmbeddedServletContainer : Tomcat initialized with port(s): 8081 (http)
2017-03-17 20:45:33.397  INFO 7980 --- [main] o.apache.catalina.core.StandardService   : Starting service Tomcat
2017-03-17 20:45:33.397  INFO 7980 --- [main] org.apache.catalina.core.StandardEngine  : Starting Servlet Engine: Apache Tomcat/8.5.11
2017-03-17 20:45:33.506  INFO 7980 --- [localhost-startStop-1] o.a.c.c.C.[.[localhost].[/RSEMSServer]   : Initializing Spring embedded WebApplicationContext
2017-03-17 20:45:33.506  INFO 7980 --- [localhost-startStop-1] o.s.web.context.ContextLoader            : Root WebApplicationContext: initialization completed in 2781 ms
2017-03-17 20:45:33.522  INFO 7980 --- [localhost-startStop-1] c.rails.rsems.config.DruidConfiguration  : init Druid Servlet Configuration 
2017-03-17 20:45:33.787  INFO 7980 --- [localhost-startStop-1] o.s.b.w.servlet.ServletRegistrationBean  : Mapping servlet: 'statViewServlet' to [/druid/*]
2017-03-17 20:45:33.803  INFO 7980 --- [localhost-startStop-1] o.s.b.w.servlet.ServletRegistrationBean  : Mapping servlet: 'dispatcherServlet' to [/]
2017-03-17 20:45:33.803  INFO 7980 --- [localhost-startStop-1] o.s.b.w.servlet.FilterRegistrationBean   : Mapping filter: 'characterEncodingFilter' to: [/*]
2017-03-17 20:45:33.803  INFO 7980 --- [localhost-startStop-1] o.s.b.w.servlet.FilterRegistrationBean   : Mapping filter: 'hiddenHttpMethodFilter' to: [/*]
2017-03-17 20:45:33.803  INFO 7980 --- [localhost-startStop-1] o.s.b.w.servlet.FilterRegistrationBean   : Mapping filter: 'httpPutFormContentFilter' to: [/*]
2017-03-17 20:45:33.803  INFO 7980 --- [localhost-startStop-1] o.s.b.w.servlet.FilterRegistrationBean   : Mapping filter: 'requestContextFilter' to: [/*]
2017-03-17 20:45:33.803  INFO 7980 --- [localhost-startStop-1] o.s.b.w.servlet.FilterRegistrationBean   : Mapping filter: 'webStatFilter' to urls: [/*]
2017-03-17 20:45:34.490  INFO 7980 --- [main] com.alibaba.druid.pool.DruidDataSource   : {dataSource-1} inited
2017-03-17 20:45:36.287  INFO 7980 --- [main] s.w.s.m.m.a.RequestMappingHandlerAdapter : Looking for @ControllerAdvice: org.springframework.boot.context.embedded.AnnotationConfigEmbeddedWebApplicationContext@4e928fbf: startup date [Fri Mar 17 20:45:30 CST 2017]; root of context hierarchy
2017-03-17 20:45:36.443  INFO 7980 --- [main] s.w.s.m.m.a.RequestMappingHandlerMapping : Mapped "{[/inspectContent/update]}" onto public java.lang.Object cn.rails.rsems.controller.inspection.InspectContentController.update(cn.rails.rsems.model.inspection.InspectContent)
2017-03-17 20:45:36.443  INFO 7980 --- [main] s.w.s.m.m.a.RequestMappingHandlerMapping : Mapped "{[/inspectContent/delete]}" onto public java.lang.Object cn.rails.rsems.controller.inspection.InspectContentController.delete(java.lang.String)
2017-03-17 20:45:36.443  INFO 7980 --- [main] s.w.s.m.m.a.RequestMappingHandlerMapping : Mapped "{[/inspectContent/insert]}" onto public java.lang.Object cn.rails.rsems.controller.inspection.InspectContentController.insert(cn.rails.rsems.model.inspection.InspectContent)
2017-03-17 20:45:36.443  INFO 7980 --- [main] s.w.s.m.m.a.RequestMappingHandlerMapping : Mapped "{[/inspectContent/listByPage]}" onto public java.lang.Object cn.rails.rsems.controller.inspection.InspectContentController.listByPage(java.lang.Integer,java.lang.Integer)
2017-03-17 20:45:36.443  INFO 7980 --- [main] s.w.s.m.m.a.RequestMappingHandlerMapping : Mapped "{[/inspectContent/selectById]}" onto public java.lang.Object cn.rails.rsems.controller.inspection.InspectContentController.selectById(java.lang.String)
2017-03-17 20:45:36.443  INFO 7980 --- [main] s.w.s.m.m.a.RequestMappingHandlerMapping : Mapped "{[/inspectPlan/update]}" onto public java.lang.Object cn.rails.rsems.controller.inspection.InspectPlanController.update(cn.rails.rsems.model.inspection.InspectPlan)
2017-03-17 20:45:36.443  INFO 7980 --- [main] s.w.s.m.m.a.RequestMappingHandlerMapping : Mapped "{[/inspectPlan/delete]}" onto public java.lang.Object cn.rails.rsems.controller.inspection.InspectPlanController.delete(java.lang.String)
2017-03-17 20:45:36.443  INFO 7980 --- [main] s.w.s.m.m.a.RequestMappingHandlerMapping : Mapped "{[/inspectPlan/insert]}" onto public java.lang.Object cn.rails.rsems.controller.inspection.InspectPlanController.insert(cn.rails.rsems.model.inspection.InspectPlan)
2017-03-17 20:45:36.443  INFO 7980 --- [main] s.w.s.m.m.a.RequestMappingHandlerMapping : Mapped "{[/inspectPlan/listByPage]}" onto public java.lang.Object cn.rails.rsems.controller.inspection.InspectPlanController.listByPage(java.lang.Integer,java.lang.Integer)
2017-03-17 20:45:36.443  INFO 7980 --- [main] s.w.s.m.m.a.RequestMappingHandlerMapping : Mapped "{[/inspectPlan/selectById]}" onto public java.lang.Object cn.rails.rsems.controller.inspection.InspectPlanController.selectById(java.lang.String)
2017-03-17 20:45:36.443  INFO 7980 --- [main] s.w.s.m.m.a.RequestMappingHandlerMapping : Mapped "{[/test]}" onto public cn.rails.rsems.common.vo.JsonResult cn.rails.rsems.controller.RestController.test(java.lang.Integer,java.lang.Integer)
2017-03-17 20:45:36.459  INFO 7980 --- [main] s.w.s.m.m.a.RequestMappingHandlerMapping : Mapped "{[/companytype/insert]}" onto public cn.rails.rsems.common.vo.JsonResult cn.rails.rsems.controller.system.CompanyTypeController.insert() throws java.io.UnsupportedEncodingException
2017-03-17 20:45:36.459  INFO 7980 --- [main] s.w.s.m.m.a.RequestMappingHandlerMapping : Mapped "{[/companytype/deleteById]}" onto public cn.rails.rsems.common.vo.JsonResult cn.rails.rsems.controller.system.CompanyTypeController.deleteById() throws java.io.UnsupportedEncodingException
2017-03-17 20:45:36.459  INFO 7980 --- [main] s.w.s.m.m.a.RequestMappingHandlerMapping : Mapped "{[/companytype/selectAll]}" onto public cn.rails.rsems.common.vo.JsonResult cn.rails.rsems.controller.system.CompanyTypeController.selectAll()
2017-03-17 20:45:36.459  INFO 7980 --- [main] s.w.s.m.m.a.RequestMappingHandlerMapping : Mapped "{[/companytype/updateById]}" onto public cn.rails.rsems.common.vo.JsonResult cn.rails.rsems.controller.system.CompanyTypeController.updateById() throws java.io.UnsupportedEncodingException
2017-03-17 20:45:36.475  INFO 7980 --- [main] s.w.s.m.m.a.RequestMappingHandlerMapping : Mapped "{[/error]}" onto public org.springframework.http.ResponseEntity<java.util.Map<java.lang.String, java.lang.Object>> org.springframework.boot.autoconfigure.web.BasicErrorController.error(javax.servlet.http.HttpServletRequest)
2017-03-17 20:45:36.475  INFO 7980 --- [main] s.w.s.m.m.a.RequestMappingHandlerMapping : Mapped "{[/error],produces=[text/html]}" onto public org.springframework.web.servlet.ModelAndView org.springframework.boot.autoconfigure.web.BasicErrorController.errorHtml(javax.servlet.http.HttpServletRequest,javax.servlet.http.HttpServletResponse)
2017-03-17 20:45:36.522  INFO 7980 --- [main] o.s.w.s.handler.SimpleUrlHandlerMapping  : Mapped URL path [/webjars/**] onto handler of type [class org.springframework.web.servlet.resource.ResourceHttpRequestHandler]
2017-03-17 20:45:36.537  INFO 7980 --- [main] o.s.w.s.handler.SimpleUrlHandlerMapping  : Mapped URL path [/**] onto handler of type [class org.springframework.web.servlet.resource.ResourceHttpRequestHandler]
2017-03-17 20:45:36.647  INFO 7980 --- [main] o.s.w.s.handler.SimpleUrlHandlerMapping  : Mapped URL path [/**/favicon.ico] onto handler of type [class org.springframework.web.servlet.resource.ResourceHttpRequestHandler]
2017-03-17 20:45:37.131  INFO 7980 --- [main] o.s.j.e.a.AnnotationMBeanExporter        : Registering beans for JMX exposure on startup
2017-03-17 20:45:37.147  INFO 7980 --- [main] o.s.j.e.a.AnnotationMBeanExporter        : Bean with name 'dataSource' has been autodetected for JMX exposure
2017-03-17 20:45:37.147  INFO 7980 --- [main] o.s.j.e.a.AnnotationMBeanExporter        : Located MBean 'dataSource': registering with JMX server as MBean [com.alibaba.druid.pool:name=dataSource,type=DruidDataSource]
2017-03-17 20:45:37.240  INFO 7980 --- [main] s.b.c.e.t.TomcatEmbeddedServletContainer : Tomcat started on port(s): 8081 (http)
2017-03-17 20:45:37.240  INFO 7980 --- [main] cn.ApplicationStartMain                  : Started ApplicationStartMain in 7.374 seconds (JVM running for 8.259)
